<?xml version="1.0" encoding="UTF-8"?>
<!-- Generated by org.testng.reporters.JUnitReportReporter -->
<testsuite hostname="INL-1ZDLPF2" name="CustomerUserActions.GDSP_CustomerGUI_005_IMPCLASS" tests="1" failures="0" timestamp="23 Oct 2017 12:28:48 GMT" time="10.175" errors="0">
  <testcase name="TC_004" time="10.175" classname="CustomerUserActions.GDSP_CustomerGUI_005_IMPCLASS"/>
</testsuite> <!-- CustomerUserActions.GDSP_CustomerGUI_005_IMPCLASS -->
