<?xml version="1.0" encoding="UTF-8"?>
<!-- Generated by org.testng.reporters.JUnitReportReporter -->
<testsuite hostname="INL-1ZDLPF2" name="PlatformUserActions.GDSP_PlatformGUI_045_IMPCLASS" tests="1" failures="0" timestamp="4 Oct 2017 14:11:06 GMT" time="78.692" errors="0">
  <testcase name="TC_045" time="78.692" classname="PlatformUserActions.GDSP_PlatformGUI_045_IMPCLASS"/>
</testsuite> <!-- PlatformUserActions.GDSP_PlatformGUI_045_IMPCLASS -->
