<?xml version="1.0" encoding="UTF-8"?>
<!-- Generated by org.testng.reporters.JUnitReportReporter -->
<testsuite hostname="INL-1ZDLPF2" name="OpcoUserActions.GDSP_OpcoGUI_072_IMPCLASS" tests="1" failures="0" timestamp="15 Sep 2017 08:42:41 GMT" time="42.011" errors="0">
  <testcase name="TC_072" time="42.011" classname="OpcoUserActions.GDSP_OpcoGUI_072_IMPCLASS"/>
</testsuite> <!-- OpcoUserActions.GDSP_OpcoGUI_072_IMPCLASS -->
