<?xml version="1.0" encoding="UTF-8"?>
<!-- Generated by org.testng.reporters.JUnitReportReporter -->
<testsuite hostname="INL-1ZDLPF2" name="OpcoUserActions.GDSP_OpcoGUI_076_IMPCLASS" tests="1" failures="0" timestamp="12 Sep 2017 13:08:49 GMT" time="35.875" errors="0">
  <testcase name="TC_076" time="35.875" classname="OpcoUserActions.GDSP_OpcoGUI_076_IMPCLASS"/>
</testsuite> <!-- OpcoUserActions.GDSP_OpcoGUI_076_IMPCLASS -->
