<?xml version="1.0" encoding="UTF-8"?>
<!-- Generated by org.testng.reporters.JUnitReportReporter -->
<testsuite hostname="INL-1ZDLPF2" name="OpcoUserActions.GDSP_OpcoGUI_027_IMPCLASS" tests="1" failures="0" timestamp="12 Sep 2017 13:08:51 GMT" time="30.841" errors="0">
  <testcase name="TC_027" time="30.841" classname="OpcoUserActions.GDSP_OpcoGUI_027_IMPCLASS"/>
</testsuite> <!-- OpcoUserActions.GDSP_OpcoGUI_027_IMPCLASS -->
