<?xml version="1.0" encoding="UTF-8"?>
<!-- Generated by org.testng.reporters.JUnitReportReporter -->
<testsuite hostname="INL-1ZDLPF2" name="CustomerUserActions.GDSP_CustomerGUI_006_IMPCLASS" tests="1" failures="0" timestamp="23 Oct 2017 13:16:04 GMT" time="11.483" errors="0">
  <testcase name="TC_006" time="11.483" classname="CustomerUserActions.GDSP_CustomerGUI_006_IMPCLASS"/>
</testsuite> <!-- CustomerUserActions.GDSP_CustomerGUI_006_IMPCLASS -->
