<?xml version="1.0" encoding="UTF-8"?>
<!-- Generated by org.testng.reporters.JUnitReportReporter -->
<testsuite hostname="INL-1ZDLPF2" name="CustomerUserActions.GDSP_CustomerGUI_016_IMPCLASS" tests="1" failures="0" timestamp="25 Oct 2017 10:05:12 GMT" time="43.260" errors="0">
  <testcase name="TC_016" time="43.260" classname="CustomerUserActions.GDSP_CustomerGUI_016_IMPCLASS"/>
</testsuite> <!-- CustomerUserActions.GDSP_CustomerGUI_016_IMPCLASS -->
