<?xml version="1.0" encoding="UTF-8"?>
<!-- Generated by org.testng.reporters.JUnitReportReporter -->
<testsuite hostname="INL-1ZDLPF2" name="PlatformUserActions.GDSP_PlatformGUI_020_IMPCLASS" tests="1" failures="0" timestamp="7 Sep 2017 11:40:22 GMT" time="20.369" errors="0">
  <testcase name="TC_020" time="20.369" classname="PlatformUserActions.GDSP_PlatformGUI_020_IMPCLASS"/>
</testsuite> <!-- PlatformUserActions.GDSP_PlatformGUI_020_IMPCLASS -->
