<?xml version="1.0" encoding="UTF-8"?>
<!-- Generated by org.testng.reporters.JUnitReportReporter -->
<testsuite hostname="INL-1ZDLPF2" name="OpcoUserActions.GDSP_OpcoGUI_088_IMPCLASS" tests="1" failures="0" timestamp="14 Sep 2017 11:05:24 GMT" time="66.005" errors="0">
  <testcase name="TC_087" time="66.005" classname="OpcoUserActions.GDSP_OpcoGUI_088_IMPCLASS"/>
</testsuite> <!-- OpcoUserActions.GDSP_OpcoGUI_088_IMPCLASS -->
