<?xml version="1.0" encoding="UTF-8"?>
<!-- Generated by org.testng.reporters.JUnitReportReporter -->
<testsuite hostname="INL-1ZDLPF2" name="OpcoUserActions.GDSP_OpcoGUI_089_IMPCLASS" tests="1" failures="0" timestamp="13 Sep 2017 13:00:57 GMT" time="51.237" errors="0">
  <testcase name="TC_089" time="51.237" classname="OpcoUserActions.GDSP_OpcoGUI_089_IMPCLASS"/>
</testsuite> <!-- OpcoUserActions.GDSP_OpcoGUI_089_IMPCLASS -->
