<?xml version="1.0" encoding="UTF-8"?>
<!-- Generated by org.testng.reporters.JUnitReportReporter -->
<testsuite hostname="INL-1ZDLPF2" name="OpcoUserActions.GDSP_OpcoGUI_065_IMPCLASS" tests="1" failures="0" timestamp="12 Sep 2017 14:09:50 GMT" time="31.541" errors="0">
  <testcase name="TC_065" time="31.541" classname="OpcoUserActions.GDSP_OpcoGUI_065_IMPCLASS"/>
</testsuite> <!-- OpcoUserActions.GDSP_OpcoGUI_065_IMPCLASS -->
