<?xml version="1.0" encoding="UTF-8"?>
<!-- Generated by org.testng.reporters.JUnitReportReporter -->
<testsuite hostname="INL-1ZDLPF2" name="PlatformUserActions.GDSP_PlatformGUI_026_IMPCLASS" tests="1" failures="0" timestamp="26 Sep 2017 10:32:41 GMT" time="69.148" errors="0">
  <testcase name="TC_026" time="69.148" classname="PlatformUserActions.GDSP_PlatformGUI_026_IMPCLASS"/>
</testsuite> <!-- PlatformUserActions.GDSP_PlatformGUI_026_IMPCLASS -->
