<?xml version="1.0" encoding="UTF-8"?>
<!-- Generated by org.testng.reporters.JUnitReportReporter -->
<testsuite hostname="INL-1ZDLPF2" name="PlatformUserActions.GDSP_PlatformGUI_046_IMPCLASS" tests="1" failures="0" timestamp="4 Oct 2017 14:14:56 GMT" time="89.421" errors="0">
  <testcase name="TC_046" time="89.421" classname="PlatformUserActions.GDSP_PlatformGUI_046_IMPCLASS"/>
</testsuite> <!-- PlatformUserActions.GDSP_PlatformGUI_046_IMPCLASS -->
