<?xml version="1.0" encoding="UTF-8"?>
<!-- Generated by org.testng.reporters.JUnitReportReporter -->
<testsuite hostname="INL-1ZDLPF2" name="CustomerUserActions.GDSP_CustomerGUI_023_IMPCLASS" tests="1" failures="0" timestamp="26 Oct 2017 13:18:57 GMT" time="61.912" errors="0">
  <testcase name="TC_023" time="61.912" classname="CustomerUserActions.GDSP_CustomerGUI_023_IMPCLASS"/>
</testsuite> <!-- CustomerUserActions.GDSP_CustomerGUI_023_IMPCLASS -->
