<?xml version="1.0" encoding="UTF-8"?>
<!-- Generated by org.testng.reporters.JUnitReportReporter -->
<testsuite hostname="INL-1ZDLPF2" name="CustomerUserActions.GDSP_CustomerGUI_031_IMPCLASS" tests="1" failures="0" timestamp="31 Oct 2017 08:47:44 GMT" time="107.462" errors="0">
  <testcase name="TC_031" time="107.462" classname="CustomerUserActions.GDSP_CustomerGUI_031_IMPCLASS"/>
</testsuite> <!-- CustomerUserActions.GDSP_CustomerGUI_031_IMPCLASS -->
