<?xml version="1.0" encoding="UTF-8"?>
<!-- Generated by org.testng.reporters.JUnitReportReporter -->
<testsuite hostname="INL-1ZDLPF2" name="PlatformUserActions.GDSP_PlatformGUI_047_IMPCLASS" tests="1" failures="0" timestamp="3 Oct 2017 12:16:20 GMT" time="14.558" errors="0">
  <testcase name="TC_047" time="14.558" classname="PlatformUserActions.GDSP_PlatformGUI_047_IMPCLASS"/>
</testsuite> <!-- PlatformUserActions.GDSP_PlatformGUI_047_IMPCLASS -->
