<?xml version="1.0" encoding="UTF-8"?>
<!-- Generated by org.testng.reporters.JUnitReportReporter -->
<testsuite hostname="INL-1ZDLPF2" name="PlatformUserActions.GDSP_PlatformGUI_003_IMPCLASS" tests="1" failures="0" timestamp="26 Sep 2017 10:38:25 GMT" time="9.139" errors="0">
  <testcase name="TC_003" time="9.139" classname="PlatformUserActions.GDSP_PlatformGUI_003_IMPCLASS"/>
</testsuite> <!-- PlatformUserActions.GDSP_PlatformGUI_003_IMPCLASS -->
