<?xml version="1.0" encoding="UTF-8"?>
<!-- Generated by org.testng.reporters.JUnitReportReporter -->
<testsuite hostname="INL-1ZDLPF2" name="PlatformUserActions.GDSP_PlatformGUI_004_IMPCLASS" tests="1" failures="0" timestamp="23 Oct 2017 12:07:33 GMT" time="10.743" errors="0">
  <testcase name="TC_004" time="10.743" classname="PlatformUserActions.GDSP_PlatformGUI_004_IMPCLASS"/>
</testsuite> <!-- PlatformUserActions.GDSP_PlatformGUI_004_IMPCLASS -->
