<?xml version="1.0" encoding="UTF-8"?>
<!-- Generated by org.testng.reporters.JUnitReportReporter -->
<testsuite hostname="INL-1ZDLPF2" name="OpcoUserActions.GDSP_OpcoGUI_087_IMPCLASS" tests="1" failures="0" timestamp="21 Aug 2017 10:15:15 GMT" time="49.014" errors="0">
  <testcase name="TC_087" time="49.014" classname="OpcoUserActions.GDSP_OpcoGUI_087_IMPCLASS"/>
</testsuite> <!-- OpcoUserActions.GDSP_OpcoGUI_087_IMPCLASS -->
