<?xml version="1.0" encoding="UTF-8"?>
<!-- Generated by org.testng.reporters.JUnitReportReporter -->
<testsuite hostname="INL-1ZDLPF2" name="OpcoUserActions.GDSP_OpcoGUI_124_IMPCLASS" tests="1" failures="0" timestamp="12 Sep 2017 13:08:51 GMT" time="20.904" errors="0">
  <testcase name="TC_124" time="20.904" classname="OpcoUserActions.GDSP_OpcoGUI_124_IMPCLASS"/>
</testsuite> <!-- OpcoUserActions.GDSP_OpcoGUI_124_IMPCLASS -->
