<?xml version="1.0" encoding="UTF-8"?>
<!-- Generated by org.testng.reporters.JUnitReportReporter -->
<testsuite hostname="INL-1ZDLPF2" name="OpcoUserActions.GDSP_OpcoGUI_099_IMPCLASS" tests="1" failures="0" timestamp="29 Aug 2017 11:01:24 GMT" time="30.694" errors="0">
  <testcase name="TC_099" time="30.694" classname="OpcoUserActions.GDSP_OpcoGUI_099_IMPCLASS"/>
</testsuite> <!-- OpcoUserActions.GDSP_OpcoGUI_099_IMPCLASS -->
