<?xml version="1.0" encoding="UTF-8"?>
<!-- Generated by org.testng.reporters.JUnitReportReporter -->
<testsuite hostname="INL-1ZDLPF2" name="OpcoUserActions.GDSP_OpcoGUI_054_IMPCLASS" tests="1" failures="0" timestamp="12 Sep 2017 13:08:49 GMT" time="42.268" errors="0">
  <testcase name="TC_054" time="42.268" classname="OpcoUserActions.GDSP_OpcoGUI_054_IMPCLASS"/>
</testsuite> <!-- OpcoUserActions.GDSP_OpcoGUI_054_IMPCLASS -->
