<?xml version="1.0" encoding="UTF-8"?>
<!-- Generated by org.testng.reporters.JUnitReportReporter -->
<testsuite hostname="INL-1ZDLPF2" name="CustomerUserActions.GDSP_CustomerGUI_009_IMPCLASS" tests="1" failures="0" timestamp="24 Oct 2017 06:55:57 GMT" time="26.867" errors="0">
  <testcase name="TC_009" time="26.867" classname="CustomerUserActions.GDSP_CustomerGUI_009_IMPCLASS"/>
</testsuite> <!-- CustomerUserActions.GDSP_CustomerGUI_009_IMPCLASS -->
