<?xml version="1.0" encoding="UTF-8"?>
<!-- Generated by org.testng.reporters.JUnitReportReporter -->
<testsuite hostname="INL-1ZDLPF2" name="CustomerUserActions.GDSP_CustomerGUI_002_IMPCLASS" tests="1" failures="0" timestamp="23 Oct 2017 11:39:12 GMT" time="8.086" errors="0">
  <testcase name="TC_002" time="8.086" classname="CustomerUserActions.GDSP_CustomerGUI_002_IMPCLASS"/>
</testsuite> <!-- CustomerUserActions.GDSP_CustomerGUI_002_IMPCLASS -->
