<?xml version="1.0" encoding="UTF-8"?>
<!-- Generated by org.testng.reporters.JUnitReportReporter -->
<testsuite hostname="INL-1ZDLPF2" name="CustomerUserActions.GDSP_CustomerGUI_010_IMPCLASS" tests="1" failures="0" timestamp="24 Oct 2017 12:16:26 GMT" time="39.163" errors="0">
  <testcase name="TC_010" time="39.163" classname="CustomerUserActions.GDSP_CustomerGUI_010_IMPCLASS"/>
</testsuite> <!-- CustomerUserActions.GDSP_CustomerGUI_010_IMPCLASS -->
