<?xml version="1.0" encoding="UTF-8"?>
<!-- Generated by org.testng.reporters.JUnitReportReporter -->
<testsuite hostname="INL-1ZDLPF2" name="OpcoUserActions.GDSP_OpcoGUI_101_IMPCLASS" tests="1" failures="0" timestamp="12 Sep 2017 13:41:06 GMT" time="29.549" errors="0">
  <testcase name="TC_101" time="29.549" classname="OpcoUserActions.GDSP_OpcoGUI_101_IMPCLASS"/>
</testsuite> <!-- OpcoUserActions.GDSP_OpcoGUI_101_IMPCLASS -->
