<?xml version="1.0" encoding="UTF-8"?>
<!-- Generated by org.testng.reporters.JUnitReportReporter -->
<testsuite hostname="INL-1ZDLPF2" name="PlatformUserActions.GDSP_PlatformGUI_025_IMPCLASS" tests="1" failures="0" timestamp="26 Sep 2017 09:53:08 GMT" time="67.528" errors="0">
  <testcase name="TC_025" time="67.528" classname="PlatformUserActions.GDSP_PlatformGUI_025_IMPCLASS"/>
</testsuite> <!-- PlatformUserActions.GDSP_PlatformGUI_025_IMPCLASS -->
