<?xml version="1.0" encoding="UTF-8"?>
<!-- Generated by org.testng.reporters.JUnitReportReporter -->
<testsuite hostname="INL-1ZDLPF2" name="OpcoUserActions.GDSP_OpcoGUI_073_IMPCLASS" tests="1" failures="0" timestamp="15 Sep 2017 09:03:15 GMT" time="31.214" errors="0">
  <testcase name="TC_073" time="31.214" classname="OpcoUserActions.GDSP_OpcoGUI_073_IMPCLASS"/>
</testsuite> <!-- OpcoUserActions.GDSP_OpcoGUI_073_IMPCLASS -->
