<?xml version="1.0" encoding="UTF-8"?>
<!-- Generated by org.testng.reporters.JUnitReportReporter -->
<testsuite hostname="INL-1ZDLPF2" name="OpcoUserActions.GDSP_OpcoGUI_031_IMPCLASS" tests="1" failures="0" timestamp="12 Sep 2017 13:56:57 GMT" time="53.315" errors="0">
  <testcase name="TC_031" time="53.315" classname="OpcoUserActions.GDSP_OpcoGUI_031_IMPCLASS"/>
</testsuite> <!-- OpcoUserActions.GDSP_OpcoGUI_031_IMPCLASS -->
