<?xml version="1.0" encoding="UTF-8"?>
<!-- Generated by org.testng.reporters.JUnitReportReporter -->
<testsuite hostname="INL-1ZDLPF2" name="CustomerUserActions.GDSP_CustomerGUI_026_IMPCLASS" tests="1" failures="0" timestamp="26 Oct 2017 15:01:13 GMT" time="106.051" errors="0">
  <testcase name="TC_026" time="106.051" classname="CustomerUserActions.GDSP_CustomerGUI_026_IMPCLASS"/>
</testsuite> <!-- CustomerUserActions.GDSP_CustomerGUI_026_IMPCLASS -->
