<?xml version="1.0" encoding="UTF-8"?>
<!-- Generated by org.testng.reporters.JUnitReportReporter -->
<testsuite hostname="INL-1ZDLPF2" name="CustomerUserActions.GDSP_CustomerGUI_014_IMPCLASS" tests="1" failures="0" timestamp="24 Oct 2017 14:03:54 GMT" time="21.491" errors="0">
  <testcase name="TC_014" time="21.491" classname="CustomerUserActions.GDSP_CustomerGUI_014_IMPCLASS"/>
</testsuite> <!-- CustomerUserActions.GDSP_CustomerGUI_014_IMPCLASS -->
