<?xml version="1.0" encoding="UTF-8"?>
<!-- Generated by org.testng.reporters.JUnitReportReporter -->
<testsuite hostname="INL-1ZDLPF2" name="OpcoUserActions.GDSP_OpcoGUI_096_IMPCLASS" tests="1" failures="0" timestamp="13 Sep 2017 12:51:58 GMT" time="45.048" errors="0">
  <testcase name="TC_096" time="45.048" classname="OpcoUserActions.GDSP_OpcoGUI_096_IMPCLASS"/>
</testsuite> <!-- OpcoUserActions.GDSP_OpcoGUI_096_IMPCLASS -->
