<?xml version="1.0" encoding="UTF-8"?>
<!-- Generated by org.testng.reporters.JUnitReportReporter -->
<testsuite hostname="INL-1ZDLPF2" name="CustomerUserActions.GDSP_CustomerGUI_012_IMPCLASS" tests="1" failures="0" timestamp="25 Oct 2017 13:21:51 GMT" time="33.507" errors="0">
  <testcase name="TC_012" time="33.507" classname="CustomerUserActions.GDSP_CustomerGUI_012_IMPCLASS"/>
</testsuite> <!-- CustomerUserActions.GDSP_CustomerGUI_012_IMPCLASS -->
