<?xml version="1.0" encoding="UTF-8"?>
<!-- Generated by org.testng.reporters.JUnitReportReporter -->
<testsuite hostname="INL-1ZDLPF2" name="CustomerUserActions.GDSP_CustomerGUI_018_IMPCLASS" tests="1" failures="0" timestamp="25 Oct 2017 13:00:03 GMT" time="34.961" errors="0">
  <testcase name="TC_018" time="34.961" classname="CustomerUserActions.GDSP_CustomerGUI_018_IMPCLASS"/>
</testsuite> <!-- CustomerUserActions.GDSP_CustomerGUI_018_IMPCLASS -->
