<?xml version="1.0" encoding="UTF-8"?>
<!-- Generated by org.testng.reporters.JUnitReportReporter -->
<testsuite hostname="INL-1ZDLPF2" name="CustomerUserActions.GDSP_CustomerGUI_022_IMPCLASS" tests="1" failures="0" timestamp="26 Oct 2017 12:30:07 GMT" time="72.583" errors="0">
  <testcase name="TC_022" time="72.583" classname="CustomerUserActions.GDSP_CustomerGUI_022_IMPCLASS"/>
</testsuite> <!-- CustomerUserActions.GDSP_CustomerGUI_022_IMPCLASS -->
