<?xml version="1.0" encoding="UTF-8"?>
<!-- Generated by org.testng.reporters.JUnitReportReporter -->
<testsuite hostname="INL-1ZDLPF2" name="OpcoUserActions.GDSP_OpcoGUI_001_IMPCLASS" tests="1" failures="0" timestamp="26 Sep 2017 10:58:39 GMT" time="22.637" errors="0">
  <testcase name="TC_001" time="22.637" classname="OpcoUserActions.GDSP_OpcoGUI_001_IMPCLASS"/>
</testsuite> <!-- OpcoUserActions.GDSP_OpcoGUI_001_IMPCLASS -->
