<?xml version="1.0" encoding="UTF-8"?>
<!-- Generated by org.testng.reporters.JUnitReportReporter -->
<testsuite hostname="INL-1ZDLPF2" name="OpcoUserActions.GDSP_OpcoGUI_120_IMPCLASS" tests="1" failures="0" timestamp="12 Sep 2017 13:08:50 GMT" time="26.811" errors="0">
  <testcase name="TC_120" time="26.811" classname="OpcoUserActions.GDSP_OpcoGUI_120_IMPCLASS"/>
</testsuite> <!-- OpcoUserActions.GDSP_OpcoGUI_120_IMPCLASS -->
