<?xml version="1.0" encoding="UTF-8"?>
<!-- Generated by org.testng.reporters.JUnitReportReporter -->
<testsuite hostname="INL-1ZDLPF2" name="OpcoUserActions.GDSP_OpcoGUI_116_IMPCLASS" tests="1" failures="0" timestamp="12 Sep 2017 13:08:50 GMT" time="81.660" errors="0">
  <testcase name="TC_116" time="81.660" classname="OpcoUserActions.GDSP_OpcoGUI_116_IMPCLASS"/>
</testsuite> <!-- OpcoUserActions.GDSP_OpcoGUI_116_IMPCLASS -->
