<?xml version="1.0" encoding="UTF-8"?>
<!-- Generated by org.testng.reporters.JUnitReportReporter -->
<testsuite hostname="INL-1ZDLPF2" name="OpcoUserActions.GDSP_OpcoGUI_060_IMPCLASS" tests="1" failures="0" timestamp="12 Sep 2017 13:08:50 GMT" time="28.838" errors="0">
  <testcase name="TC_060" time="28.838" classname="OpcoUserActions.GDSP_OpcoGUI_060_IMPCLASS"/>
</testsuite> <!-- OpcoUserActions.GDSP_OpcoGUI_060_IMPCLASS -->
