<?xml version="1.0" encoding="UTF-8"?>
<!-- Generated by org.testng.reporters.JUnitReportReporter -->
<testsuite hostname="INL-1ZDLPF2" name="OpcoUserActions.GDSP_OpcoGUI_034_IMPCLASS" tests="1" failures="0" timestamp="12 Sep 2017 13:08:51 GMT" time="34.558" errors="0">
  <testcase name="TC_034" time="34.558" classname="OpcoUserActions.GDSP_OpcoGUI_034_IMPCLASS"/>
</testsuite> <!-- OpcoUserActions.GDSP_OpcoGUI_034_IMPCLASS -->
