<?xml version="1.0" encoding="UTF-8"?>
<!-- Generated by org.testng.reporters.JUnitReportReporter -->
<testsuite hostname="INL-1ZDLPF2" name="PlatformUserActions.GDSP_PlatformGUI_017_IMPCLASS" tests="1" failures="0" timestamp="4 Oct 2017 11:16:33 GMT" time="92.899" errors="0">
  <testcase name="TC_017" time="92.899" classname="PlatformUserActions.GDSP_PlatformGUI_017_IMPCLASS"/>
</testsuite> <!-- PlatformUserActions.GDSP_PlatformGUI_017_IMPCLASS -->
