<?xml version="1.0" encoding="UTF-8"?>
<!-- Generated by org.testng.reporters.JUnitReportReporter -->
<testsuite hostname="INL-1ZDLPF2" name="PlatformUserActions.GDSP_PlatformGUI_015_IMPCLASS" tests="1" failures="0" timestamp="31 Aug 2017 10:01:35 GMT" time="199.088" errors="0">
  <testcase name="TC_015" time="199.088" classname="PlatformUserActions.GDSP_PlatformGUI_015_IMPCLASS"/>
</testsuite> <!-- PlatformUserActions.GDSP_PlatformGUI_015_IMPCLASS -->
