<?xml version="1.0" encoding="UTF-8"?>
<!-- Generated by org.testng.reporters.JUnitReportReporter -->
<testsuite hostname="INL-1ZDLPF2" name="OpcoUserActions.GDSP_OpcoGUI_067_IMPCLASS" tests="1" failures="0" timestamp="12 Sep 2017 14:54:17 GMT" time="35.232" errors="0">
  <testcase name="TC_067" time="35.232" classname="OpcoUserActions.GDSP_OpcoGUI_067_IMPCLASS"/>
</testsuite> <!-- OpcoUserActions.GDSP_OpcoGUI_067_IMPCLASS -->
