<?xml version="1.0" encoding="UTF-8"?>
<!-- Generated by org.testng.reporters.JUnitReportReporter -->
<testsuite hostname="INL-1ZDLPF2" name="CustomerUserActions.GDSP_CustomerGUI_007_IMPCLASS" tests="1" failures="0" timestamp="23 Oct 2017 14:23:00 GMT" time="28.024" errors="0">
  <testcase name="TC_007" time="28.024" classname="CustomerUserActions.GDSP_CustomerGUI_007_IMPCLASS"/>
</testsuite> <!-- CustomerUserActions.GDSP_CustomerGUI_007_IMPCLASS -->
