<?xml version="1.0" encoding="UTF-8"?>
<!-- Generated by org.testng.reporters.JUnitReportReporter -->
<testsuite hostname="INL-1ZDLPF2" name="CustomerUserActions.GDSP_CustomerGUI_008_IMPCLASS" tests="1" failures="0" timestamp="23 Oct 2017 14:35:51 GMT" time="29.435" errors="0">
  <testcase name="TC_008" time="29.435" classname="CustomerUserActions.GDSP_CustomerGUI_008_IMPCLASS"/>
</testsuite> <!-- CustomerUserActions.GDSP_CustomerGUI_008_IMPCLASS -->
