<?xml version="1.0" encoding="UTF-8"?>
<!-- Generated by org.testng.reporters.JUnitReportReporter -->
<testsuite hostname="INL-1ZDLPF2" name="CustomerUserActions.GDSP_CustomerGUI_028_IMPCLASS" tests="1" failures="0" timestamp="30 Oct 2017 07:56:27 GMT" time="58.166" errors="0">
  <testcase name="TC_028" time="58.166" classname="CustomerUserActions.GDSP_CustomerGUI_028_IMPCLASS"/>
</testsuite> <!-- CustomerUserActions.GDSP_CustomerGUI_028_IMPCLASS -->
