<?xml version="1.0" encoding="UTF-8"?>
<!-- Generated by org.testng.reporters.JUnitReportReporter -->
<testsuite hostname="INL-1ZDLPF2" name="PlatformUserActions.GDSP_PlatformGUI_044_IMPCLASS" tests="1" failures="0" timestamp="4 Oct 2017 14:09:40 GMT" time="18.984" errors="0">
  <testcase name="TC_044" time="18.984" classname="PlatformUserActions.GDSP_PlatformGUI_044_IMPCLASS"/>
</testsuite> <!-- PlatformUserActions.GDSP_PlatformGUI_044_IMPCLASS -->
