<?xml version="1.0" encoding="UTF-8"?>
<!-- Generated by org.testng.reporters.JUnitReportReporter -->
<testsuite hostname="INL-1ZDLPF2" name="CustomerUserActions.GDSP_CustomerGUI_020_IMPCLASS" tests="1" failures="0" timestamp="25 Oct 2017 14:16:22 GMT" time="35.413" errors="0">
  <testcase name="TC_010" time="35.413" classname="CustomerUserActions.GDSP_CustomerGUI_020_IMPCLASS"/>
</testsuite> <!-- CustomerUserActions.GDSP_CustomerGUI_020_IMPCLASS -->
