<?xml version="1.0" encoding="UTF-8"?>
<!-- Generated by org.testng.reporters.JUnitReportReporter -->
<testsuite hostname="INL-1ZDLPF2" name="OpcoUserActions.GDSP_OpcoGUI_058_IMPCLASS" tests="1" failures="0" timestamp="12 Sep 2017 13:08:49 GMT" time="48.114" errors="0">
  <testcase name="TC_058" time="48.114" classname="OpcoUserActions.GDSP_OpcoGUI_058_IMPCLASS"/>
</testsuite> <!-- OpcoUserActions.GDSP_OpcoGUI_058_IMPCLASS -->
