<?xml version="1.0" encoding="UTF-8"?>
<!-- Generated by org.testng.reporters.JUnitReportReporter -->
<testsuite hostname="INL-1ZDLPF2" name="PlatformUserActions.GDSP_PlatformGUI_002_IMPCLASS" tests="1" failures="0" timestamp="23 Oct 2017 11:32:59 GMT" time="9.293" errors="0">
  <testcase name="TC_002" time="9.293" classname="PlatformUserActions.GDSP_PlatformGUI_002_IMPCLASS"/>
</testsuite> <!-- PlatformUserActions.GDSP_PlatformGUI_002_IMPCLASS -->
