<?xml version="1.0" encoding="UTF-8"?>
<!-- Generated by org.testng.reporters.JUnitReportReporter -->
<testsuite hostname="INL-1ZDLPF2" name="PlatformUserActions.GDSP_PlatformGUI_032_IMPCLASS" tests="1" failures="0" timestamp="28 Sep 2017 11:47:22 GMT" time="27.901" errors="0">
  <testcase name="TC_032" time="27.901" classname="PlatformUserActions.GDSP_PlatformGUI_032_IMPCLASS"/>
</testsuite> <!-- PlatformUserActions.GDSP_PlatformGUI_032_IMPCLASS -->
