<?xml version="1.0" encoding="UTF-8"?>
<!-- Generated by org.testng.reporters.JUnitReportReporter -->
<testsuite hostname="INL-1ZDLPF2" name="OpcoUserActions.GDSP_OpcoGUI_059_IMPCLASS" tests="1" failures="0" timestamp="12 Sep 2017 13:08:51 GMT" time="28.104" errors="0">
  <testcase name="TC_059" time="28.104" classname="OpcoUserActions.GDSP_OpcoGUI_059_IMPCLASS"/>
</testsuite> <!-- OpcoUserActions.GDSP_OpcoGUI_059_IMPCLASS -->
