<?xml version="1.0" encoding="UTF-8"?>
<!-- Generated by org.testng.reporters.JUnitReportReporter -->
<testsuite hostname="INL-1ZDLPF2" name="PlatformUserActions.GDSP_PlatformGUI_030_IMPCLASS" tests="1" failures="0" timestamp="27 Sep 2017 09:57:15 GMT" time="25.876" errors="0">
  <testcase name="TC_030" time="25.876" classname="PlatformUserActions.GDSP_PlatformGUI_030_IMPCLASS"/>
</testsuite> <!-- PlatformUserActions.GDSP_PlatformGUI_030_IMPCLASS -->
