<?xml version="1.0" encoding="UTF-8"?>
<!-- Generated by org.testng.reporters.JUnitReportReporter -->
<testsuite hostname="INL-1ZDLPF2" name="OpcoUserActions.GDSP_OpcoGUI_035_IMPCLASS" tests="1" failures="0" timestamp="12 Sep 2017 13:08:50 GMT" time="30.622" errors="0">
  <testcase name="TC_035" time="30.622" classname="OpcoUserActions.GDSP_OpcoGUI_035_IMPCLASS"/>
</testsuite> <!-- OpcoUserActions.GDSP_OpcoGUI_035_IMPCLASS -->
