<?xml version="1.0" encoding="UTF-8"?>
<!-- Generated by org.testng.reporters.JUnitReportReporter -->
<testsuite hostname="INL-1ZDLPF2" name="CustomerUserActions.GDSP_CustomerGUI_003_IMPCLASS" tests="1" failures="0" timestamp="23 Oct 2017 11:53:30 GMT" time="12.713" errors="0">
  <testcase name="TC_003" time="12.713" classname="CustomerUserActions.GDSP_CustomerGUI_003_IMPCLASS"/>
</testsuite> <!-- CustomerUserActions.GDSP_CustomerGUI_003_IMPCLASS -->
