<?xml version="1.0" encoding="UTF-8"?>
<!-- Generated by org.testng.reporters.JUnitReportReporter -->
<testsuite hostname="INL-1ZDLPF2" name="OpcoUserActions.GDSP_OpcoGUI_117_IMPCLASS" tests="1" failures="0" timestamp="12 Sep 2017 13:36:23 GMT" time="31.487" errors="0">
  <testcase name="TC_117" time="31.487" classname="OpcoUserActions.GDSP_OpcoGUI_117_IMPCLASS"/>
</testsuite> <!-- OpcoUserActions.GDSP_OpcoGUI_117_IMPCLASS -->
