<?xml version="1.0" encoding="UTF-8"?>
<!-- Generated by org.testng.reporters.JUnitReportReporter -->
<testsuite hostname="INL-1ZDLPF2" name="PlatformUserActions.GDSP_PlatformGUI_033_IMPCLASS" tests="1" failures="0" timestamp="28 Sep 2017 12:43:39 GMT" time="15.457" errors="0">
  <testcase name="TC_033" time="15.457" classname="PlatformUserActions.GDSP_PlatformGUI_033_IMPCLASS"/>
</testsuite> <!-- PlatformUserActions.GDSP_PlatformGUI_033_IMPCLASS -->
