<?xml version="1.0" encoding="UTF-8"?>
<!-- Generated by org.testng.reporters.JUnitReportReporter -->
<testsuite hostname="INL-1ZDLPF2" name="PlatformUserActions.GDSP_PlatformGUI_042_IMPCLASS" tests="1" failures="0" timestamp="3 Oct 2017 10:05:49 GMT" time="28.355" errors="0">
  <testcase name="TC_042" time="28.355" classname="PlatformUserActions.GDSP_PlatformGUI_042_IMPCLASS"/>
</testsuite> <!-- PlatformUserActions.GDSP_PlatformGUI_042_IMPCLASS -->
