<?xml version="1.0" encoding="UTF-8"?>
<!-- Generated by org.testng.reporters.JUnitReportReporter -->
<testsuite hostname="INL-1ZDLPF2" name="CustomerUserActions.GDSP_CustomerGUI_030_IMPCLASS" tests="1" failures="0" timestamp="30 Oct 2017 14:25:13 GMT" time="97.315" errors="0">
  <testcase name="TC_030" time="97.315" classname="CustomerUserActions.GDSP_CustomerGUI_030_IMPCLASS"/>
</testsuite> <!-- CustomerUserActions.GDSP_CustomerGUI_030_IMPCLASS -->
