<?xml version="1.0" encoding="UTF-8"?>
<!-- Generated by org.testng.reporters.JUnitReportReporter -->
<testsuite hostname="INL-1ZDLPF2" name="OpcoUserActions.GDSP_OpcoGUI_086_IMPCLASS" tests="1" failures="0" timestamp="18 Sep 2017 08:59:31 GMT" time="52.290" errors="0">
  <testcase name="TC_086" time="52.290" classname="OpcoUserActions.GDSP_OpcoGUI_086_IMPCLASS"/>
</testsuite> <!-- OpcoUserActions.GDSP_OpcoGUI_086_IMPCLASS -->
