<?xml version="1.0" encoding="UTF-8"?>
<!-- Generated by org.testng.reporters.JUnitReportReporter -->
<testsuite hostname="INL-1ZDLPF2" name="OpcoUserActions.GDSP_OpcoGUI_133_IMPCLASS" tests="1" failures="0" timestamp="7 Aug 2017 08:00:18 GMT" time="9.020" errors="0">
  <testcase name="TC_133" time="9.020" classname="OpcoUserActions.GDSP_OpcoGUI_133_IMPCLASS"/>
</testsuite> <!-- OpcoUserActions.GDSP_OpcoGUI_133_IMPCLASS -->
