<?xml version="1.0" encoding="UTF-8"?>
<!-- Generated by org.testng.reporters.JUnitReportReporter -->
<testsuite hostname="INL-1ZDLPF2" name="CustomerUserActions.GDSP_CustomerGUI_027_IMPCLASS" tests="1" failures="0" timestamp="27 Oct 2017 13:13:29 GMT" time="119.261" errors="0">
  <testcase name="TC_027" time="119.261" classname="CustomerUserActions.GDSP_CustomerGUI_027_IMPCLASS"/>
</testsuite> <!-- CustomerUserActions.GDSP_CustomerGUI_027_IMPCLASS -->
