<?xml version="1.0" encoding="UTF-8"?>
<!-- Generated by org.testng.reporters.JUnitReportReporter -->
<testsuite hostname="INL-1ZDLPF2" name="CustomerUserActions.GDSP_CustomerGUI_017_IMPCLASS" tests="1" failures="0" timestamp="25 Oct 2017 11:09:27 GMT" time="31.576" errors="0">
  <testcase name="TC_017" time="31.576" classname="CustomerUserActions.GDSP_CustomerGUI_017_IMPCLASS"/>
</testsuite> <!-- CustomerUserActions.GDSP_CustomerGUI_017_IMPCLASS -->
