<?xml version="1.0" encoding="UTF-8"?>
<!-- Generated by org.testng.reporters.JUnitReportReporter -->
<testsuite hostname="INL-1ZDLPF2" name="OpcoUserActions.GDSP_OpcoGUI_074_IMPCLASS" tests="1" failures="0" timestamp="12 Sep 2017 19:27:42 GMT" time="59.043" errors="0">
  <testcase name="TC_074" time="59.043" classname="OpcoUserActions.GDSP_OpcoGUI_074_IMPCLASS"/>
</testsuite> <!-- OpcoUserActions.GDSP_OpcoGUI_074_IMPCLASS -->
