<?xml version="1.0" encoding="UTF-8"?>
<!-- Generated by org.testng.reporters.JUnitReportReporter -->
<testsuite hostname="INL-1ZDLPF2" name="CustomerUserActions.GDSP_CustomerGUI_021_IMPCLASS" tests="1" failures="0" timestamp="25 Oct 2017 14:44:42 GMT" time="37.280" errors="0">
  <testcase name="TC_021" time="37.280" classname="CustomerUserActions.GDSP_CustomerGUI_021_IMPCLASS"/>
</testsuite> <!-- CustomerUserActions.GDSP_CustomerGUI_021_IMPCLASS -->
