<?xml version="1.0" encoding="UTF-8"?>
<!-- Generated by org.testng.reporters.JUnitReportReporter -->
<testsuite hostname="INL-1ZDLPF2" name="PlatformUserActions.GDSP_PlatformGUI_043_IMPCLASS" tests="1" failures="0" timestamp="28 Sep 2017 14:11:24 GMT" time="25.313" errors="0">
  <testcase name="TC_043" time="25.313" classname="PlatformUserActions.GDSP_PlatformGUI_043_IMPCLASS"/>
</testsuite> <!-- PlatformUserActions.GDSP_PlatformGUI_043_IMPCLASS -->
