<?xml version="1.0" encoding="UTF-8"?>
<!-- Generated by org.testng.reporters.JUnitReportReporter -->
<testsuite hostname="INL-1ZDLPF2" name="OpcoUserActions.GDSP_OpcoGUI_119_IMPCLASS" tests="1" failures="0" timestamp="12 Sep 2017 13:08:51 GMT" time="41.636" errors="0">
  <testcase name="TC_119" time="41.636" classname="OpcoUserActions.GDSP_OpcoGUI_119_IMPCLASS"/>
</testsuite> <!-- OpcoUserActions.GDSP_OpcoGUI_119_IMPCLASS -->
