<?xml version="1.0" encoding="UTF-8"?>
<!-- Generated by org.testng.reporters.JUnitReportReporter -->
<testsuite hostname="INL-1ZDLPF2" name="OpcoUserActions.GDSP_OpcoGUI_010_IMPCLASS" tests="1" failures="0" timestamp="6 Oct 2017 09:36:25 GMT" time="17.698" errors="0">
  <testcase name="TC_010" time="17.698" classname="OpcoUserActions.GDSP_OpcoGUI_010_IMPCLASS"/>
</testsuite> <!-- OpcoUserActions.GDSP_OpcoGUI_010_IMPCLASS -->
