<?xml version="1.0" encoding="UTF-8"?>
<!-- Generated by org.testng.reporters.JUnitReportReporter -->
<testsuite hostname="INL-1ZDLPF2" name="OpcoUserActions.GDSP_OpcoGUI_078_IMPCLASS" tests="1" failures="0" timestamp="13 Sep 2017 12:47:42 GMT" time="37.609" errors="0">
  <testcase name="TC_078" time="37.609" classname="OpcoUserActions.GDSP_OpcoGUI_078_IMPCLASS"/>
</testsuite> <!-- OpcoUserActions.GDSP_OpcoGUI_078_IMPCLASS -->
