<?xml version="1.0" encoding="UTF-8"?>
<!-- Generated by org.testng.reporters.JUnitReportReporter -->
<testsuite hostname="INL-1ZDLPF2" name="OpcoUserActions.GDSP_OpcoGUI_077_IMPCLASS" tests="1" failures="0" timestamp="13 Sep 2017 12:46:56 GMT" time="43.687" errors="0">
  <testcase name="TC_077" time="43.687" classname="OpcoUserActions.GDSP_OpcoGUI_077_IMPCLASS"/>
</testsuite> <!-- OpcoUserActions.GDSP_OpcoGUI_077_IMPCLASS -->
