<?xml version="1.0" encoding="UTF-8"?>
<!-- Generated by org.testng.reporters.JUnitReportReporter -->
<testsuite hostname="INL-1ZDLPF2" name="PlatformUserActions.GDSP_PlatformGUI_034_IMPCLASS" tests="1" failures="0" timestamp="28 Sep 2017 08:51:36 GMT" time="15.870" errors="0">
  <testcase name="TC_034" time="15.870" classname="PlatformUserActions.GDSP_PlatformGUI_034_IMPCLASS"/>
</testsuite> <!-- PlatformUserActions.GDSP_PlatformGUI_034_IMPCLASS -->
