<?xml version="1.0" encoding="UTF-8"?>
<!-- Generated by org.testng.reporters.JUnitReportReporter -->
<testsuite hostname="INL-1ZDLPF2" name="PlatformUserActions.GDSP_PlatformGUI_035_IMPCLASS" tests="1" failures="0" timestamp="28 Sep 2017 12:18:13 GMT" time="26.685" errors="0">
  <testcase name="TC_035" time="26.685" classname="PlatformUserActions.GDSP_PlatformGUI_035_IMPCLASS"/>
</testsuite> <!-- PlatformUserActions.GDSP_PlatformGUI_035_IMPCLASS -->
